1520314882.522051 client started (13135): version 2.6, socket /private/tmp/tmux-501/default, protocol 8
1520314882.522119 on Darwin 17.4.0 Darwin Kernel Version 17.4.0: Sun Dec 17 09:19:54 PST 2017; root:xnu-4570.41.2~1/RELEASE_X86_64; libevent 2.1.8-stable (select)
1520314882.522176 socket is /private/tmp/tmux-501/default
1520314882.522204 trying connect
1520314882.522326 add peer 0x7fcbe6810000: 7 (0x0)
1520314882.524963 sending message 100 to peer 0x7fcbe6810000 (4 bytes)
1520314882.525013 sending message 101 to peer 0x7fcbe6810000 (7 bytes)
1520314882.525033 sending message 102 to peer 0x7fcbe6810000 (13 bytes)
1520314882.525051 sending message 108 to peer 0x7fcbe6810000 (40 bytes)
1520314882.525085 sending message 104 to peer 0x7fcbe6810000 (0 bytes)
1520314882.525103 sending message 107 to peer 0x7fcbe6810000 (4 bytes)
1520314882.525120 sending message 105 to peer 0x7fcbe6810000 (76 bytes)
1520314882.525135 sending message 105 to peer 0x7fcbe6810000 (75 bytes)
1520314882.525150 sending message 105 to peer 0x7fcbe6810000 (20 bytes)
1520314882.525166 sending message 105 to peer 0x7fcbe6810000 (17 bytes)
1520314882.525182 sending message 105 to peer 0x7fcbe6810000 (21 bytes)
1520314882.525198 sending message 105 to peer 0x7fcbe6810000 (8 bytes)
1520314882.525216 sending message 105 to peer 0x7fcbe6810000 (16 bytes)
1520314882.525231 sending message 105 to peer 0x7fcbe6810000 (32 bytes)
1520314882.525249 sending message 105 to peer 0x7fcbe6810000 (22 bytes)
1520314882.525265 sending message 105 to peer 0x7fcbe6810000 (11 bytes)
1520314882.525282 sending message 105 to peer 0x7fcbe6810000 (250 bytes)
1520314882.525298 sending message 105 to peer 0x7fcbe6810000 (28 bytes)
1520314882.525313 sending message 105 to peer 0x7fcbe6810000 (44 bytes)
1520314882.525337 sending message 105 to peer 0x7fcbe6810000 (15 bytes)
1520314882.525354 sending message 105 to peer 0x7fcbe6810000 (8 bytes)
1520314882.525373 sending message 105 to peer 0x7fcbe6810000 (19 bytes)
1520314882.525390 sending message 105 to peer 0x7fcbe6810000 (92 bytes)
1520314882.525412 sending message 105 to peer 0x7fcbe6810000 (12 bytes)
1520314882.525433 sending message 105 to peer 0x7fcbe6810000 (57 bytes)
1520314882.525454 sending message 105 to peer 0x7fcbe6810000 (43 bytes)
1520314882.525477 sending message 105 to peer 0x7fcbe6810000 (13 bytes)
1520314882.525493 sending message 105 to peer 0x7fcbe6810000 (13 bytes)
1520314882.525510 sending message 105 to peer 0x7fcbe6810000 (14 bytes)
1520314882.525525 sending message 105 to peer 0x7fcbe6810000 (19 bytes)
1520314882.525541 sending message 105 to peer 0x7fcbe6810000 (30 bytes)
1520314882.525559 sending message 105 to peer 0x7fcbe6810000 (38 bytes)
1520314882.525578 sending message 105 to peer 0x7fcbe6810000 (26 bytes)
1520314882.525594 sending message 105 to peer 0x7fcbe6810000 (29 bytes)
1520314882.525609 sending message 105 to peer 0x7fcbe6810000 (37 bytes)
1520314882.525625 sending message 105 to peer 0x7fcbe6810000 (20 bytes)
1520314882.525641 sending message 105 to peer 0x7fcbe6810000 (17 bytes)
1520314882.525657 sending message 105 to peer 0x7fcbe6810000 (22 bytes)
1520314882.525672 sending message 105 to peer 0x7fcbe6810000 (20 bytes)
1520314882.525688 sending message 105 to peer 0x7fcbe6810000 (28 bytes)
1520314882.525703 sending message 105 to peer 0x7fcbe6810000 (20 bytes)
1520314882.525719 sending message 105 to peer 0x7fcbe6810000 (14 bytes)
1520314882.525736 sending message 105 to peer 0x7fcbe6810000 (15 bytes)
1520314882.525752 sending message 105 to peer 0x7fcbe6810000 (27 bytes)
1520314882.525768 sending message 105 to peer 0x7fcbe6810000 (18 bytes)
1520314882.525784 sending message 105 to peer 0x7fcbe6810000 (14 bytes)
1520314882.525800 sending message 105 to peer 0x7fcbe6810000 (18 bytes)
1520314882.525817 sending message 105 to peer 0x7fcbe6810000 (20 bytes)
1520314882.525834 sending message 105 to peer 0x7fcbe6810000 (23 bytes)
1520314882.525851 sending message 105 to peer 0x7fcbe6810000 (11 bytes)
1520314882.525866 sending message 105 to peer 0x7fcbe6810000 (16 bytes)
1520314882.525881 sending message 105 to peer 0x7fcbe6810000 (15 bytes)
1520314882.525926 sending message 105 to peer 0x7fcbe6810000 (15 bytes)
1520314882.525942 sending message 105 to peer 0x7fcbe6810000 (15 bytes)
1520314882.525958 sending message 105 to peer 0x7fcbe6810000 (23 bytes)
1520314882.525974 sending message 105 to peer 0x7fcbe6810000 (15 bytes)
1520314882.525999 sending message 105 to peer 0x7fcbe6810000 (17 bytes)
1520314882.526016 sending message 105 to peer 0x7fcbe6810000 (9 bytes)
1520314882.526031 sending message 105 to peer 0x7fcbe6810000 (17 bytes)
1520314882.526047 sending message 105 to peer 0x7fcbe6810000 (14 bytes)
1520314882.526065 sending message 105 to peer 0x7fcbe6810000 (18 bytes)
1520314882.526087 sending message 105 to peer 0x7fcbe6810000 (10 bytes)
1520314882.526102 sending message 105 to peer 0x7fcbe6810000 (22 bytes)
1520314882.526123 sending message 105 to peer 0x7fcbe6810000 (17 bytes)
1520314882.526139 sending message 105 to peer 0x7fcbe6810000 (15 bytes)
1520314882.526155 sending message 106 to peer 0x7fcbe6810000 (0 bytes)
1520314882.526177 sending message 200 to peer 0x7fcbe6810000 (4 bytes)
1520314882.526194 client loop enter
1520314882.526614 peer 0x7fcbe6810000 message 211
1520314882.526669 peer 0x7fcbe6810000 message 203
1520314882.526690 client loop exit
